2013-11-22 16:04:23,730	0:0:0:0:0:0:0:1:58989 /cluster	{"request":"cluster status","response":{"leader":"0.0.0.0:12020","worker":[]}}
2013-11-22 16:12:52,132	0:0:0:0:0:0:0:1:59152 /job	{"request":"start job :null found by 'jobname'","response":" Only allowed:[sleep]"}
2013-11-22 16:53:52,395	0:0:0:0:0:0:0:1:60144 /jobstatus	{"request":"feluca job status","response":{"live_slaves":[],"running_job":" no job running "}}
2013-11-22 16:55:09,393	0:0:0:0:0:0:0:1:60144 /job	{"request":"start job :null found by 'jobname'","response":" Only allowed:[sleep]"}
2013-11-22 16:55:21,116	0:0:0:0:0:0:0:1:60144 /job?jobname=sleep	{"request":"start job : data","response":"\"job submited\""}
2013-11-22 16:56:28,507	0:0:0:0:0:0:0:1:60185 /jobstatus	{"request":"feluca job status","response":{"live_slaves":[],"running_job":" no job running "}}
2013-11-22 16:57:47,927	0:0:0:0:0:0:0:1:60185 /job?jobname=sleep	{"request":"start job : data","response":"\"job submited\""}
2013-11-22 17:01:10,319	0:0:0:0:0:0:0:1:60236 /job?jobname=sleep	{"request":"start job : data","response":"\"submision failed\""}
2013-11-22 17:31:57,533	0:0:0:0:0:0:0:1:60452 /job?jobname=sleep	{"request":"start job : data","response":"\"submision failed\""}
2013-11-22 17:40:13,379	0:0:0:0:0:0:0:1:60529 /job?jobname=sleep	{"request":"start job : data","response":"\"job submited\""}
2013-11-22 17:40:24,299	0:0:0:0:0:0:0:1:60529 /jobstatus	{"request":"feluca job status","response":{"live_slaves":[],"running_job":"{\"jobCreate\":1385113213329,\"jobDuration\":10935,\"jobLog\":\"let me sleep(0)4000\\nlet me sleep(1)4000\\nlet me sleep(2)4000\\n\",\"jobState\":\"RUNNING\"}"}}
2013-11-22 17:40:26,775	0:0:0:0:0:0:0:1:60529 /jobstatus	{"request":"feluca job status","response":{"live_slaves":[],"running_job":"{\"jobCreate\":1385113213329,\"jobDuration\":13445,\"jobLog\":\"let me sleep(0)4000\\nlet me sleep(1)4000\\nlet me sleep(2)4000\\nlet me sleep(3)4000\\n\",\"jobState\":\"RUNNING\"}"}}
2013-11-22 17:40:27,879	0:0:0:0:0:0:0:1:60529 /jobstatus	{"request":"feluca job status","response":{"live_slaves":[],"running_job":"{\"jobCreate\":1385113213329,\"jobDuration\":14549,\"jobLog\":\"let me sleep(0)4000\\nlet me sleep(1)4000\\nlet me sleep(2)4000\\nlet me sleep(3)4000\\n\",\"jobState\":\"RUNNING\"}"}}
2013-11-22 17:40:28,415	0:0:0:0:0:0:0:1:60529 /jobstatus	{"request":"feluca job status","response":{"live_slaves":[],"running_job":"{\"jobCreate\":1385113213329,\"jobDuration\":15085,\"jobLog\":\"let me sleep(0)4000\\nlet me sleep(1)4000\\nlet me sleep(2)4000\\nlet me sleep(3)4000\\n\",\"jobState\":\"RUNNING\"}"}}
2013-11-22 17:40:28,968	0:0:0:0:0:0:0:1:60529 /jobstatus	{"request":"feluca job status","response":{"live_slaves":[],"running_job":"{\"jobCreate\":1385113213329,\"jobDuration\":15638,\"jobLog\":\"let me sleep(0)4000\\nlet me sleep(1)4000\\nlet me sleep(2)4000\\nlet me sleep(3)4000\\n\",\"jobState\":\"RUNNING\"}"}}
2013-11-22 17:40:29,551	0:0:0:0:0:0:0:1:60529 /jobstatus	{"request":"feluca job status","response":{"live_slaves":[],"running_job":"{\"jobCreate\":1385113213329,\"jobDuration\":16221,\"jobLog\":\"let me sleep(0)4000\\nlet me sleep(1)4000\\nlet me sleep(2)4000\\nlet me sleep(3)4000\\nlet me sleep(4)4000\\n\",\"jobState\":\"RUNNING\"}"}}
2013-11-22 17:40:30,191	0:0:0:0:0:0:0:1:60529 /jobstatus	{"request":"feluca job status","response":{"live_slaves":[],"running_job":"{\"jobCreate\":1385113213329,\"jobDuration\":16861,\"jobLog\":\"let me sleep(0)4000\\nlet me sleep(1)4000\\nlet me sleep(2)4000\\nlet me sleep(3)4000\\nlet me sleep(4)4000\\n\",\"jobState\":\"RUNNING\"}"}}
2013-11-22 17:40:30,911	0:0:0:0:0:0:0:1:60529 /jobstatus	{"request":"feluca job status","response":{"live_slaves":[],"running_job":"{\"jobCreate\":1385113213329,\"jobDuration\":17581,\"jobLog\":\"let me sleep(0)4000\\nlet me sleep(1)4000\\nlet me sleep(2)4000\\nlet me sleep(3)4000\\nlet me sleep(4)4000\\n\",\"jobState\":\"RUNNING\"}"}}
2013-11-22 17:40:36,774	0:0:0:0:0:0:0:1:60529 /jobstatus	{"request":"feluca job status","response":{"live_slaves":[],"running_job":"{\"jobCreate\":1385113213329,\"jobDuration\":23444,\"jobLog\":\"let me sleep(0)4000\\nlet me sleep(1)4000\\nlet me sleep(2)4000\\nlet me sleep(3)4000\\nlet me sleep(4)4000\\nlet me sleep(5)4000\\n\",\"jobState\":\"RUNNING\"}"}}
2013-11-22 17:43:10,942	0:0:0:0:0:0:0:1:60529 /jobstatus	{"request":"feluca job status","response":{"live_slaves":[],"running_job":"{\"jobCreate\":1385113213329,\"jobDuration\":177612,\"jobLog\":\"let me sleep(0)4000\\nlet me sleep(1)4000\\nlet me sleep(2)4000\\nlet me sleep(3)4000\\nlet me sleep(4)4000\\nlet me sleep(5)4000\\nlet me sleep(6)4000\\nlet me sleep(7)4000\\nlet me sleep(8)4000\\nlet me sleep(9)4000\\n\",\"jobState\":\"RUNNING\"}"}}
2013-11-22 17:43:12,021	0:0:0:0:0:0:0:1:60529 /jobstatus	{"request":"feluca job status","response":{"live_slaves":[],"running_job":"{\"jobCreate\":1385113213329,\"jobDuration\":178691,\"jobLog\":\"let me sleep(0)4000\\nlet me sleep(1)4000\\nlet me sleep(2)4000\\nlet me sleep(3)4000\\nlet me sleep(4)4000\\nlet me sleep(5)4000\\nlet me sleep(6)4000\\nlet me sleep(7)4000\\nlet me sleep(8)4000\\nlet me sleep(9)4000\\n\",\"jobState\":\"RUNNING\"}"}}
2013-11-22 17:43:12,901	0:0:0:0:0:0:0:1:60529 /jobstatus	{"request":"feluca job status","response":{"live_slaves":[],"running_job":"{\"jobCreate\":1385113213329,\"jobDuration\":179571,\"jobLog\":\"let me sleep(0)4000\\nlet me sleep(1)4000\\nlet me sleep(2)4000\\nlet me sleep(3)4000\\nlet me sleep(4)4000\\nlet me sleep(5)4000\\nlet me sleep(6)4000\\nlet me sleep(7)4000\\nlet me sleep(8)4000\\nlet me sleep(9)4000\\n\",\"jobState\":\"RUNNING\"}"}}
2013-11-22 17:43:13,605	0:0:0:0:0:0:0:1:60529 /jobstatus	{"request":"feluca job status","response":{"live_slaves":[],"running_job":"{\"jobCreate\":1385113213329,\"jobDuration\":180275,\"jobLog\":\"let me sleep(0)4000\\nlet me sleep(1)4000\\nlet me sleep(2)4000\\nlet me sleep(3)4000\\nlet me sleep(4)4000\\nlet me sleep(5)4000\\nlet me sleep(6)4000\\nlet me sleep(7)4000\\nlet me sleep(8)4000\\nlet me sleep(9)4000\\n\",\"jobState\":\"RUNNING\"}"}}
2013-11-22 17:43:14,101	0:0:0:0:0:0:0:1:60529 /jobstatus	{"request":"feluca job status","response":{"live_slaves":[],"running_job":"{\"jobCreate\":1385113213329,\"jobDuration\":180771,\"jobLog\":\"let me sleep(0)4000\\nlet me sleep(1)4000\\nlet me sleep(2)4000\\nlet me sleep(3)4000\\nlet me sleep(4)4000\\nlet me sleep(5)4000\\nlet me sleep(6)4000\\nlet me sleep(7)4000\\nlet me sleep(8)4000\\nlet me sleep(9)4000\\n\",\"jobState\":\"RUNNING\"}"}}
2013-11-22 17:43:14,591	0:0:0:0:0:0:0:1:60529 /jobstatus	{"request":"feluca job status","response":{"live_slaves":[],"running_job":"{\"jobCreate\":1385113213329,\"jobDuration\":181261,\"jobLog\":\"let me sleep(0)4000\\nlet me sleep(1)4000\\nlet me sleep(2)4000\\nlet me sleep(3)4000\\nlet me sleep(4)4000\\nlet me sleep(5)4000\\nlet me sleep(6)4000\\nlet me sleep(7)4000\\nlet me sleep(8)4000\\nlet me sleep(9)4000\\n\",\"jobState\":\"RUNNING\"}"}}
2013-11-22 17:43:24,182	0:0:0:0:0:0:0:1:60529 /jobstatus	{"request":"feluca job status","response":{"live_slaves":[],"running_job":"{\"jobCreate\":1385113213329,\"jobDuration\":190852,\"jobLog\":\"let me sleep(0)4000\\nlet me sleep(1)4000\\nlet me sleep(2)4000\\nlet me sleep(3)4000\\nlet me sleep(4)4000\\nlet me sleep(5)4000\\nlet me sleep(6)4000\\nlet me sleep(7)4000\\nlet me sleep(8)4000\\nlet me sleep(9)4000\\n\",\"jobState\":\"RUNNING\"}"}}
2013-11-22 17:43:25,061	0:0:0:0:0:0:0:1:60529 /jobstatus	{"request":"feluca job status","response":{"live_slaves":[],"running_job":"{\"jobCreate\":1385113213329,\"jobDuration\":191731,\"jobLog\":\"let me sleep(0)4000\\nlet me sleep(1)4000\\nlet me sleep(2)4000\\nlet me sleep(3)4000\\nlet me sleep(4)4000\\nlet me sleep(5)4000\\nlet me sleep(6)4000\\nlet me sleep(7)4000\\nlet me sleep(8)4000\\nlet me sleep(9)4000\\n\",\"jobState\":\"RUNNING\"}"}}
2013-11-22 17:43:25,885	0:0:0:0:0:0:0:1:60529 /jobstatus	{"request":"feluca job status","response":{"live_slaves":[],"running_job":"{\"jobCreate\":1385113213329,\"jobDuration\":192555,\"jobLog\":\"let me sleep(0)4000\\nlet me sleep(1)4000\\nlet me sleep(2)4000\\nlet me sleep(3)4000\\nlet me sleep(4)4000\\nlet me sleep(5)4000\\nlet me sleep(6)4000\\nlet me sleep(7)4000\\nlet me sleep(8)4000\\nlet me sleep(9)4000\\n\",\"jobState\":\"RUNNING\"}"}}
2013-11-22 17:43:26,604	0:0:0:0:0:0:0:1:60529 /jobstatus	{"request":"feluca job status","response":{"live_slaves":[],"running_job":"{\"jobCreate\":1385113213329,\"jobDuration\":193274,\"jobLog\":\"let me sleep(0)4000\\nlet me sleep(1)4000\\nlet me sleep(2)4000\\nlet me sleep(3)4000\\nlet me sleep(4)4000\\nlet me sleep(5)4000\\nlet me sleep(6)4000\\nlet me sleep(7)4000\\nlet me sleep(8)4000\\nlet me sleep(9)4000\\n\",\"jobState\":\"RUNNING\"}"}}
2013-11-22 17:56:27,099	0:0:0:0:0:0:0:1:60790 /job?jobname=sleep	{"request":"start job : data","response":"\"job submited\""}
2013-11-22 18:04:13,029	0:0:0:0:0:0:0:1:60981 /jobstatus	{"request":"feluca job status","response":{"live_slaves":[],"running_job":{"current":"no job running"}}}
2013-11-22 18:04:14,389	0:0:0:0:0:0:0:1:60981 /jobstatus	{"request":"feluca job status","response":{"live_slaves":[],"running_job":{"current":"no job running"}}}
